2025-07-21 14:52:48,201 - INFO - Iniciando procesamiento de archivo: alodesk_reporte_llamadas_jan2023_to_jul2025.csv
2025-07-21 14:52:48,202 - INFO - Archivo tipo: text/csv
2025-07-21 14:52:48,202 - INFO - Tamaño archivo: 41963400 bytes
2025-07-21 14:52:48,202 - INFO - Procesando archivo CSV
2025-07-21 14:52:48,207 - INFO - Bytes leídos: 41963400
2025-07-21 14:52:48,207 - INFO - Intentando encoding: utf-8
2025-07-21 14:52:48,762 - INFO - CSV leído exitosamente con encoding utf-8
2025-07-21 14:52:48,763 - INFO - DataFrame cargado: 341777 filas, 18 columnas
2025-07-21 14:52:48,763 - INFO - Columnas encontradas: ['UNIQUEID', 'SENTIDO', 'ATENDIDA', 'STATUS', 'FECHA', 'NOMBRE', 'ORGANIZACION', 'TELEFONO', 'COLA', 'POSICION_INICIAL', 'AGENTE', 'POSICION_FINAL', 'TIEMPO_ESPERA', 'DURACION', 'TIPIFICACION', 'PENDIENTE', 'DATA', 'CASO']
2025-07-21 14:52:48,764 - INFO - Validando columnas requeridas: ['FECHA', 'TELEFONO']
2025-07-21 14:52:48,765 - INFO - Validación exitosa, guardando archivo temporal
2025-07-21 14:52:48,766 - INFO - Archivo temporal creado: C:\Users\edgar\AppData\Local\Temp\tmpuja5d6zi.csv
2025-07-21 14:52:50,206 - INFO - Datos guardados exitosamente. Estado actualizado.
2025-07-21 14:53:56,539 - INFO - Iniciando entrenamiento de modelos para ENTRANTE
2025-07-21 14:53:56,540 - INFO - Creando script temporal de multi-modelo
2025-07-21 14:53:56,540 - INFO - Script temporal creado: C:\Users\edgar\AppData\Local\Temp\tmprdufmx62.py
2025-07-21 14:53:56,541 - INFO - Ejecutando subprocess para entrenamiento
2025-07-21 14:53:56,608 - INFO - Subprocess completado con código: 1
2025-07-21 14:53:56,608 - INFO - STDOUT length: 0
2025-07-21 14:53:56,608 - INFO - STDERR length: 237
2025-07-21 14:53:56,608 - ERROR - STDERR: Traceback (most recent call last):
  File "C:\Users\edgar\AppData\Local\Temp\tmprdufmx62.py", line 23, in <module>
    from sistema_multi_modelo import SistemaMultiModeloCEAPSI
ModuleNotFoundError: No module named 'sistema_multi_modelo'
...
2025-07-21 14:53:56,609 - INFO - Archivo temporal limpiado
2025-07-21 15:26:17,899 - INFO - Iniciando procesamiento de archivo: alodesk_reporte_llamadas_jan2023_to_jul2025.csv
2025-07-21 15:26:17,899 - INFO - Archivo tipo: text/csv
2025-07-21 15:26:17,899 - INFO - Tamaño archivo: 41963400 bytes
2025-07-21 15:26:17,899 - INFO - Procesando archivo CSV
2025-07-21 15:26:17,907 - INFO - Bytes leídos: 41963400
2025-07-21 15:26:17,907 - INFO - Intentando encoding: utf-8
2025-07-21 15:26:18,894 - INFO - CSV leído exitosamente con encoding utf-8
2025-07-21 15:26:18,894 - INFO - DataFrame cargado: 341777 filas, 18 columnas
2025-07-21 15:26:18,895 - INFO - Columnas encontradas: ['UNIQUEID', 'SENTIDO', 'ATENDIDA', 'STATUS', 'FECHA', 'NOMBRE', 'ORGANIZACION', 'TELEFONO', 'COLA', 'POSICION_INICIAL', 'AGENTE', 'POSICION_FINAL', 'TIEMPO_ESPERA', 'DURACION', 'TIPIFICACION', 'PENDIENTE', 'DATA', 'CASO']
2025-07-21 15:26:18,898 - INFO - Validando columnas requeridas: ['FECHA', 'TELEFONO']
2025-07-21 15:26:21,070 - INFO - Validación exitosa, guardando archivo temporal
2025-07-21 15:26:21,070 - INFO - Archivo temporal creado: C:\Users\edgar\AppData\Local\Temp\tmprharnb1f.csv
2025-07-21 15:26:21,070 - INFO - Datos guardados exitosamente. Estado actualizado.
2025-07-21 15:29:58,119 - INFO - Iniciando procesamiento de archivo: alodesk_reporte_llamadas_jan2023_to_jul2025.csv
2025-07-21 15:29:58,119 - INFO - Archivo tipo: text/csv
2025-07-21 15:29:58,119 - INFO - Tamaño archivo: 41963400 bytes
2025-07-21 15:29:58,119 - INFO - Procesando archivo CSV
2025-07-21 15:29:58,125 - INFO - Bytes leídos: 41963400
2025-07-21 15:29:58,126 - INFO - Intentando encoding: utf-8
2025-07-21 15:29:58,932 - INFO - CSV leído exitosamente con encoding utf-8
2025-07-21 15:29:58,933 - INFO - DataFrame cargado: 341777 filas, 18 columnas
2025-07-21 15:29:58,933 - INFO - Columnas encontradas: ['UNIQUEID', 'SENTIDO', 'ATENDIDA', 'STATUS', 'FECHA', 'NOMBRE', 'ORGANIZACION', 'TELEFONO', 'COLA', 'POSICION_INICIAL', 'AGENTE', 'POSICION_FINAL', 'TIEMPO_ESPERA', 'DURACION', 'TIPIFICACION', 'PENDIENTE', 'DATA', 'CASO']
2025-07-21 15:29:59,032 - INFO - Validando columnas requeridas: ['FECHA', 'TELEFONO']
2025-07-21 15:30:00,678 - INFO - Validación exitosa, guardando archivo temporal
2025-07-21 15:30:00,679 - INFO - Archivo temporal creado: C:\Users\edgar\AppData\Local\Temp\tmpwk2dqd9a.csv
2025-07-21 15:30:00,679 - INFO - Datos guardados exitosamente. Estado actualizado.
2025-07-21 15:33:58,923 - INFO - Iniciando procesamiento de archivo: alodesk_reporte_llamadas_jan2023_to_jul2025.csv
2025-07-21 15:33:58,923 - INFO - Archivo tipo: text/csv
2025-07-21 15:33:58,923 - INFO - Tamaño archivo: 41963400 bytes
2025-07-21 15:33:58,923 - INFO - Procesando archivo CSV
2025-07-21 15:33:58,929 - INFO - Bytes leídos: 41963400
2025-07-21 15:33:58,930 - INFO - Intentando encoding: utf-8
2025-07-21 15:33:59,545 - INFO - CSV leído exitosamente con encoding utf-8
2025-07-21 15:33:59,545 - INFO - DataFrame cargado: 341777 filas, 18 columnas
2025-07-21 15:33:59,546 - INFO - Columnas encontradas: ['UNIQUEID', 'SENTIDO', 'ATENDIDA', 'STATUS', 'FECHA', 'NOMBRE', 'ORGANIZACION', 'TELEFONO', 'COLA', 'POSICION_INICIAL', 'AGENTE', 'POSICION_FINAL', 'TIEMPO_ESPERA', 'DURACION', 'TIPIFICACION', 'PENDIENTE', 'DATA', 'CASO']
2025-07-21 15:33:59,546 - INFO - Validando columnas requeridas: ['FECHA', 'TELEFONO']
2025-07-21 15:34:01,734 - INFO - Validación exitosa, guardando archivo temporal
2025-07-21 15:34:01,735 - INFO - Archivo temporal creado: C:\Users\edgar\AppData\Local\Temp\tmpye7h1r2p.csv
2025-07-21 15:34:01,735 - INFO - Datos guardados exitosamente. Estado actualizado.
2025-07-21 15:34:36,193 - INFO - Iniciando procesamiento de archivo: alodesk_reporte_llamadas_jan2023_to_jul2025.csv
2025-07-21 15:34:36,193 - INFO - Archivo tipo: text/csv
2025-07-21 15:34:36,193 - INFO - Tamaño archivo: 41963400 bytes
2025-07-21 15:34:36,193 - INFO - Procesando archivo CSV
2025-07-21 15:34:36,200 - INFO - Bytes leídos: 41963400
2025-07-21 15:34:36,200 - INFO - Intentando encoding: utf-8
2025-07-21 15:34:36,776 - INFO - CSV leído exitosamente con encoding utf-8
2025-07-21 15:34:36,776 - INFO - DataFrame cargado: 341777 filas, 18 columnas
2025-07-21 15:34:36,777 - INFO - Columnas encontradas: ['UNIQUEID', 'SENTIDO', 'ATENDIDA', 'STATUS', 'FECHA', 'NOMBRE', 'ORGANIZACION', 'TELEFONO', 'COLA', 'POSICION_INICIAL', 'AGENTE', 'POSICION_FINAL', 'TIEMPO_ESPERA', 'DURACION', 'TIPIFICACION', 'PENDIENTE', 'DATA', 'CASO']
2025-07-21 15:34:36,777 - INFO - Validando columnas requeridas: ['FECHA', 'TELEFONO']
2025-07-21 15:34:38,585 - INFO - Validación exitosa, guardando archivo temporal
2025-07-21 15:34:38,586 - INFO - Archivo temporal creado: C:\Users\edgar\AppData\Local\Temp\tmpua6r8zoh.csv
2025-07-21 15:34:38,586 - INFO - Datos guardados exitosamente. Estado actualizado.
2025-07-21 15:35:33,473 - INFO - Iniciando procesamiento de archivo: alodesk_reporte_llamadas_jan2023_to_jul2025.csv
2025-07-21 15:35:33,474 - INFO - Archivo tipo: text/csv
2025-07-21 15:35:33,474 - INFO - Tamaño archivo: 41963400 bytes
2025-07-21 15:35:33,474 - INFO - Procesando archivo CSV
2025-07-21 15:35:33,481 - INFO - Bytes leídos: 41963400
2025-07-21 15:35:33,481 - INFO - Intentando encoding: utf-8
2025-07-21 15:35:34,125 - INFO - CSV leído exitosamente con encoding utf-8
2025-07-21 15:35:34,125 - INFO - DataFrame cargado: 341777 filas, 18 columnas
2025-07-21 15:35:34,126 - INFO - Columnas encontradas: ['UNIQUEID', 'SENTIDO', 'ATENDIDA', 'STATUS', 'FECHA', 'NOMBRE', 'ORGANIZACION', 'TELEFONO', 'COLA', 'POSICION_INICIAL', 'AGENTE', 'POSICION_FINAL', 'TIEMPO_ESPERA', 'DURACION', 'TIPIFICACION', 'PENDIENTE', 'DATA', 'CASO']
2025-07-21 15:35:34,126 - INFO - Validando columnas requeridas: ['FECHA', 'TELEFONO']
2025-07-21 15:35:36,338 - INFO - Validación exitosa, guardando archivo temporal
2025-07-21 15:35:36,339 - INFO - Archivo temporal creado: C:\Users\edgar\AppData\Local\Temp\tmpl2pgt4wy.csv
2025-07-21 15:35:36,339 - INFO - Datos guardados exitosamente. Estado actualizado.
2025-07-21 15:36:56,670 - INFO - Iniciando procesamiento de archivo: alodesk_reporte_llamadas_jan2023_to_jul2025.csv
2025-07-21 15:36:56,670 - INFO - Archivo tipo: text/csv
2025-07-21 15:36:56,670 - INFO - Tamaño archivo: 41963400 bytes
2025-07-21 15:36:56,670 - INFO - Procesando archivo CSV
2025-07-21 15:36:56,676 - INFO - Bytes leídos: 41963400
2025-07-21 15:36:56,676 - INFO - Intentando encoding: utf-8
2025-07-21 15:36:57,337 - INFO - CSV leído exitosamente con encoding utf-8
2025-07-21 15:36:57,337 - INFO - DataFrame cargado: 341777 filas, 18 columnas
2025-07-21 15:36:57,338 - INFO - Columnas encontradas: ['UNIQUEID', 'SENTIDO', 'ATENDIDA', 'STATUS', 'FECHA', 'NOMBRE', 'ORGANIZACION', 'TELEFONO', 'COLA', 'POSICION_INICIAL', 'AGENTE', 'POSICION_FINAL', 'TIEMPO_ESPERA', 'DURACION', 'TIPIFICACION', 'PENDIENTE', 'DATA', 'CASO']
2025-07-21 15:36:57,338 - INFO - Validando columnas requeridas: ['FECHA', 'TELEFONO']
2025-07-21 15:36:59,195 - INFO - Validación exitosa, guardando archivo temporal
2025-07-21 15:36:59,196 - INFO - Archivo temporal creado: C:\Users\edgar\AppData\Local\Temp\tmpx0o1di2s.csv
2025-07-21 15:36:59,196 - INFO - Datos guardados exitosamente. Estado actualizado.
